MeltingBooks/app/build/intermediates/manifest_merge_blame_file/debug/processDebugMainManifest/manifest-merger-blame-debug-report.txt
1<?xml version="1.0" encoding="utf-8"?>
2<manifest xmlns:android="http://schemas.android.com/apk/res/android"
3    package="com.example.meltingbooks"
4    android:versionCode="1"
5    android:versionName="1.0" >
6
7    <uses-sdk
8        android:minSdkVersion="26"
9        android:targetSdkVersion="35" />
10
11    <!-- 권한 -->
12    <uses-permission android:name="android.permission.INTERNET" />
12-->src\main\AndroidManifest.xml:8:5-66
12-->src\main\AndroidManifest.xml:8:22-64
13    <uses-permission android:name="android.permission.RECORD_AUDIO" />
13-->src\main\AndroidManifest.xml:9:5-71
13-->src\main\AndroidManifest.xml:9:22-68
14    <uses-permission android:name="android.permission.ACCESS_NETWORK_STATE" />
14-->[com.google.android.gms:play-services-measurement:22.2.0] AndroidManifest.xml:24:5-79
14-->[com.google.android.gms:play-services-measurement:22.2.0] AndroidManifest.xml:24:22-76
15    <uses-permission android:name="android.permission.WAKE_LOCK" />
15-->[com.google.android.gms:play-services-measurement:22.2.0] AndroidManifest.xml:25:5-68
15-->[com.google.android.gms:play-services-measurement:22.2.0] AndroidManifest.xml:25:22-65
16    <uses-permission android:name="com.google.android.finsky.permission.BIND_GET_INSTALL_REFERRER_SERVICE" />
16-->[com.google.android.gms:play-services-measurement:22.2.0] AndroidManifest.xml:26:5-110
16-->[com.google.android.gms:play-services-measurement:22.2.0] AndroidManifest.xml:26:22-107
17    <uses-permission android:name="com.google.android.gms.permission.AD_ID" />
17-->[com.google.android.gms:play-services-measurement-api:22.2.0] AndroidManifest.xml:25:5-79
17-->[com.google.android.gms:play-services-measurement-api:22.2.0] AndroidManifest.xml:25:22-76
18    <uses-permission android:name="android.permission.ACCESS_ADSERVICES_ATTRIBUTION" />
18-->[com.google.android.gms:play-services-measurement-api:22.2.0] AndroidManifest.xml:26:5-88
18-->[com.google.android.gms:play-services-measurement-api:22.2.0] AndroidManifest.xml:26:22-85
19    <uses-permission android:name="android.permission.ACCESS_ADSERVICES_AD_ID" />
19-->[com.google.android.gms:play-services-measurement-api:22.2.0] AndroidManifest.xml:27:5-82
19-->[com.google.android.gms:play-services-measurement-api:22.2.0] AndroidManifest.xml:27:22-79
20
21    <permission
21-->[androidx.core:core:1.13.0] AndroidManifest.xml:22:5-24:47
22        android:name="com.example.meltingbooks.DYNAMIC_RECEIVER_NOT_EXPORTED_PERMISSION"
22-->[androidx.core:core:1.13.0] AndroidManifest.xml:23:9-81
23        android:protectionLevel="signature" />
23-->[androidx.core:core:1.13.0] AndroidManifest.xml:24:9-44
24
25    <uses-permission android:name="com.example.meltingbooks.DYNAMIC_RECEIVER_NOT_EXPORTED_PERMISSION" />
25-->[androidx.core:core:1.13.0] AndroidManifest.xml:26:5-97
25-->[androidx.core:core:1.13.0] AndroidManifest.xml:26:22-94
26
27    <application
27-->src\main\AndroidManifest.xml:11:5-34:19
28        android:allowBackup="true"
28-->src\main\AndroidManifest.xml:12:9-35
29        android:appComponentFactory="androidx.core.app.CoreComponentFactory"
29-->[androidx.core:core:1.13.0] AndroidManifest.xml:28:18-86
30        android:dataExtractionRules="@xml/data_extraction_rules"
30-->src\main\AndroidManifest.xml:13:9-65
31        android:debuggable="true"
32        android:extractNativeLibs="false"
33        android:fullBackupContent="@xml/backup_rules"
33-->src\main\AndroidManifest.xml:14:9-54
34        android:icon="@mipmap/ic_launcher"
34-->src\main\AndroidManifest.xml:15:9-43
35        android:label="@string/app_name"
35-->src\main\AndroidManifest.xml:16:9-41
36        android:roundIcon="@mipmap/ic_launcher_round"
36-->src\main\AndroidManifest.xml:17:9-54
37        android:supportsRtl="true"
37-->src\main\AndroidManifest.xml:18:9-35
38        android:theme="@style/Theme.MeltingBooks" >
38-->src\main\AndroidManifest.xml:19:9-50
39        <activity
39-->src\main\AndroidManifest.xml:21:9-29:20
40            android:name="com.example.meltingbooks.MainActivity"
40-->src\main\AndroidManifest.xml:22:13-65
41            android:exported="true"
41-->src\main\AndroidManifest.xml:24:13-36
42            android:windowSoftInputMode="adjustResize" >
42-->src\main\AndroidManifest.xml:23:13-55
43            <intent-filter>
43-->src\main\AndroidManifest.xml:25:13-28:29
44                <action android:name="android.intent.action.MAIN" />
44-->src\main\AndroidManifest.xml:26:17-69
44-->src\main\AndroidManifest.xml:26:25-66
45
46                <category android:name="android.intent.category.LAUNCHER" />
46-->src\main\AndroidManifest.xml:27:17-77
46-->src\main\AndroidManifest.xml:27:27-74
47            </intent-filter>
48        </activity>
49        <activity
49-->src\main\AndroidManifest.xml:30:9-33:39
50            android:name="com.example.meltingbooks.UploadAudio"
50-->src\main\AndroidManifest.xml:31:13-64
51            android:exported="true"
51-->src\main\AndroidManifest.xml:33:13-36
52            android:windowSoftInputMode="adjustResize" />
52-->src\main\AndroidManifest.xml:32:13-55
53        <activity
53-->[com.google.android.gms:play-services-auth:20.7.0] AndroidManifest.xml:23:9-27:75
54            android:name="com.google.android.gms.auth.api.signin.internal.SignInHubActivity"
54-->[com.google.android.gms:play-services-auth:20.7.0] AndroidManifest.xml:24:13-93
55            android:excludeFromRecents="true"
55-->[com.google.android.gms:play-services-auth:20.7.0] AndroidManifest.xml:25:13-46
56            android:exported="false"
56-->[com.google.android.gms:play-services-auth:20.7.0] AndroidManifest.xml:26:13-37
57            android:theme="@android:style/Theme.Translucent.NoTitleBar" />
57-->[com.google.android.gms:play-services-auth:20.7.0] AndroidManifest.xml:27:13-72
58        <!--
59            Service handling Google Sign-In user revocation. For apps that do not integrate with
60            Google Sign-In, this service will never be started.
61        -->
62        <service
62-->[com.google.android.gms:play-services-auth:20.7.0] AndroidManifest.xml:33:9-37:51
63            android:name="com.google.android.gms.auth.api.signin.RevocationBoundService"
63-->[com.google.android.gms:play-services-auth:20.7.0] AndroidManifest.xml:34:13-89
64            android:exported="true"
64-->[com.google.android.gms:play-services-auth:20.7.0] AndroidManifest.xml:35:13-36
65            android:permission="com.google.android.gms.auth.api.signin.permission.REVOCATION_NOTIFICATION"
65-->[com.google.android.gms:play-services-auth:20.7.0] AndroidManifest.xml:36:13-107
66            android:visibleToInstantApps="true" />
66-->[com.google.android.gms:play-services-auth:20.7.0] AndroidManifest.xml:37:13-48
67
68        <receiver
68-->[com.google.android.gms:play-services-measurement:22.2.0] AndroidManifest.xml:29:9-33:20
69            android:name="com.google.android.gms.measurement.AppMeasurementReceiver"
69-->[com.google.android.gms:play-services-measurement:22.2.0] AndroidManifest.xml:30:13-85
70            android:enabled="true"
70-->[com.google.android.gms:play-services-measurement:22.2.0] AndroidManifest.xml:31:13-35
71            android:exported="false" >
71-->[com.google.android.gms:play-services-measurement:22.2.0] AndroidManifest.xml:32:13-37
72        </receiver>
73
74        <service
74-->[com.google.android.gms:play-services-measurement:22.2.0] AndroidManifest.xml:35:9-38:40
75            android:name="com.google.android.gms.measurement.AppMeasurementService"
75-->[com.google.android.gms:play-services-measurement:22.2.0] AndroidManifest.xml:36:13-84
76            android:enabled="true"
76-->[com.google.android.gms:play-services-measurement:22.2.0] AndroidManifest.xml:37:13-35
77            android:exported="false" />
77-->[com.google.android.gms:play-services-measurement:22.2.0] AndroidManifest.xml:38:13-37
78        <service
78-->[com.google.android.gms:play-services-measurement:22.2.0] AndroidManifest.xml:39:9-43:72
79            android:name="com.google.android.gms.measurement.AppMeasurementJobService"
79-->[com.google.android.gms:play-services-measurement:22.2.0] AndroidManifest.xml:40:13-87
80            android:enabled="true"
80-->[com.google.android.gms:play-services-measurement:22.2.0] AndroidManifest.xml:41:13-35
81            android:exported="false"
81-->[com.google.android.gms:play-services-measurement:22.2.0] AndroidManifest.xml:42:13-37
82            android:permission="android.permission.BIND_JOB_SERVICE" />
82-->[com.google.android.gms:play-services-measurement:22.2.0] AndroidManifest.xml:43:13-69
83        <service
83-->[com.google.android.gms:play-services-measurement-api:22.2.0] AndroidManifest.xml:30:9-36:19
84            android:name="com.google.firebase.components.ComponentDiscoveryService"
84-->[com.google.android.gms:play-services-measurement-api:22.2.0] AndroidManifest.xml:31:13-84
85            android:directBootAware="true"
85-->[com.google.firebase:firebase-common:21.0.0] AndroidManifest.xml:32:13-43
86            android:exported="false" >
86-->[com.google.android.gms:play-services-measurement-api:22.2.0] AndroidManifest.xml:32:13-37
87            <meta-data
87-->[com.google.android.gms:play-services-measurement-api:22.2.0] AndroidManifest.xml:33:13-35:85
88                android:name="com.google.firebase.components:com.google.firebase.analytics.connector.internal.AnalyticsConnectorRegistrar"
88-->[com.google.android.gms:play-services-measurement-api:22.2.0] AndroidManifest.xml:34:17-139
89                android:value="com.google.firebase.components.ComponentRegistrar" />
89-->[com.google.android.gms:play-services-measurement-api:22.2.0] AndroidManifest.xml:35:17-82
90            <meta-data
90-->[com.google.firebase:firebase-storage:21.0.1] AndroidManifest.xml:30:13-32:85
91                android:name="com.google.firebase.components:com.google.firebase.storage.FirebaseStorageKtxRegistrar"
91-->[com.google.firebase:firebase-storage:21.0.1] AndroidManifest.xml:31:17-118
92                android:value="com.google.firebase.components.ComponentRegistrar" />
92-->[com.google.firebase:firebase-storage:21.0.1] AndroidManifest.xml:32:17-82
93            <meta-data
93-->[com.google.firebase:firebase-storage:21.0.1] AndroidManifest.xml:33:13-35:85
94                android:name="com.google.firebase.components:com.google.firebase.storage.StorageRegistrar"
94-->[com.google.firebase:firebase-storage:21.0.1] AndroidManifest.xml:34:17-107
95                android:value="com.google.firebase.components.ComponentRegistrar" />
95-->[com.google.firebase:firebase-storage:21.0.1] AndroidManifest.xml:35:17-82
96            <meta-data
96-->[com.google.firebase:firebase-appcheck:18.0.0] AndroidManifest.xml:25:13-27:85
97                android:name="com.google.firebase.components:com.google.firebase.appcheck.FirebaseAppCheckKtxRegistrar"
97-->[com.google.firebase:firebase-appcheck:18.0.0] AndroidManifest.xml:26:17-120
98                android:value="com.google.firebase.components.ComponentRegistrar" />
98-->[com.google.firebase:firebase-appcheck:18.0.0] AndroidManifest.xml:27:17-82
99            <meta-data
99-->[com.google.firebase:firebase-appcheck:18.0.0] AndroidManifest.xml:28:13-30:85
100                android:name="com.google.firebase.components:com.google.firebase.appcheck.FirebaseAppCheckRegistrar"
100-->[com.google.firebase:firebase-appcheck:18.0.0] AndroidManifest.xml:29:17-117
101                android:value="com.google.firebase.components.ComponentRegistrar" />
101-->[com.google.firebase:firebase-appcheck:18.0.0] AndroidManifest.xml:30:17-82
102            <meta-data
102-->[com.google.firebase:firebase-installations:18.0.0] AndroidManifest.xml:15:13-17:85
103                android:name="com.google.firebase.components:com.google.firebase.installations.FirebaseInstallationsKtxRegistrar"
103-->[com.google.firebase:firebase-installations:18.0.0] AndroidManifest.xml:16:17-130
104                android:value="com.google.firebase.components.ComponentRegistrar" />
104-->[com.google.firebase:firebase-installations:18.0.0] AndroidManifest.xml:17:17-82
105            <meta-data
105-->[com.google.firebase:firebase-installations:18.0.0] AndroidManifest.xml:18:13-20:85
106                android:name="com.google.firebase.components:com.google.firebase.installations.FirebaseInstallationsRegistrar"
106-->[com.google.firebase:firebase-installations:18.0.0] AndroidManifest.xml:19:17-127
107                android:value="com.google.firebase.components.ComponentRegistrar" />
107-->[com.google.firebase:firebase-installations:18.0.0] AndroidManifest.xml:20:17-82
108            <meta-data
108-->[com.google.firebase:firebase-common-ktx:21.0.0] AndroidManifest.xml:12:13-14:85
109                android:name="com.google.firebase.components:com.google.firebase.ktx.FirebaseCommonLegacyRegistrar"
109-->[com.google.firebase:firebase-common-ktx:21.0.0] AndroidManifest.xml:13:17-116
110                android:value="com.google.firebase.components.ComponentRegistrar" />
110-->[com.google.firebase:firebase-common-ktx:21.0.0] AndroidManifest.xml:14:17-82
111            <meta-data
111-->[com.google.firebase:firebase-common:21.0.0] AndroidManifest.xml:35:13-37:85
112                android:name="com.google.firebase.components:com.google.firebase.FirebaseCommonKtxRegistrar"
112-->[com.google.firebase:firebase-common:21.0.0] AndroidManifest.xml:36:17-109
113                android:value="com.google.firebase.components.ComponentRegistrar" />
113-->[com.google.firebase:firebase-common:21.0.0] AndroidManifest.xml:37:17-82
114        </service>
115
116        <provider
116-->[com.google.firebase:firebase-common:21.0.0] AndroidManifest.xml:23:9-28:39
117            android:name="com.google.firebase.provider.FirebaseInitProvider"
117-->[com.google.firebase:firebase-common:21.0.0] AndroidManifest.xml:24:13-77
118            android:authorities="com.example.meltingbooks.firebaseinitprovider"
118-->[com.google.firebase:firebase-common:21.0.0] AndroidManifest.xml:25:13-72
119            android:directBootAware="true"
119-->[com.google.firebase:firebase-common:21.0.0] AndroidManifest.xml:26:13-43
120            android:exported="false"
120-->[com.google.firebase:firebase-common:21.0.0] AndroidManifest.xml:27:13-37
121            android:initOrder="100" />
121-->[com.google.firebase:firebase-common:21.0.0] AndroidManifest.xml:28:13-36
122
123        <activity
123-->[com.google.android.gms:play-services-base:18.5.0] AndroidManifest.xml:5:9-173
124            android:name="com.google.android.gms.common.api.GoogleApiActivity"
124-->[com.google.android.gms:play-services-base:18.5.0] AndroidManifest.xml:5:19-85
125            android:exported="false"
125-->[com.google.android.gms:play-services-base:18.5.0] AndroidManifest.xml:5:146-170
126            android:theme="@android:style/Theme.Translucent.NoTitleBar" />
126-->[com.google.android.gms:play-services-base:18.5.0] AndroidManifest.xml:5:86-145
127
128        <uses-library
128-->[androidx.privacysandbox.ads:ads-adservices:1.0.0-beta05] AndroidManifest.xml:23:9-25:40
129            android:name="android.ext.adservices"
129-->[androidx.privacysandbox.ads:ads-adservices:1.0.0-beta05] AndroidManifest.xml:24:13-50
130            android:required="false" />
130-->[androidx.privacysandbox.ads:ads-adservices:1.0.0-beta05] AndroidManifest.xml:25:13-37
131
132        <provider
132-->[androidx.emoji2:emoji2:1.3.0] AndroidManifest.xml:24:9-32:20
133            android:name="androidx.startup.InitializationProvider"
133-->[androidx.emoji2:emoji2:1.3.0] AndroidManifest.xml:25:13-67
134            android:authorities="com.example.meltingbooks.androidx-startup"
134-->[androidx.emoji2:emoji2:1.3.0] AndroidManifest.xml:26:13-68
135            android:exported="false" >
135-->[androidx.emoji2:emoji2:1.3.0] AndroidManifest.xml:27:13-37
136            <meta-data
136-->[androidx.emoji2:emoji2:1.3.0] AndroidManifest.xml:29:13-31:52
137                android:name="androidx.emoji2.text.EmojiCompatInitializer"
137-->[androidx.emoji2:emoji2:1.3.0] AndroidManifest.xml:30:17-75
138                android:value="androidx.startup" />
138-->[androidx.emoji2:emoji2:1.3.0] AndroidManifest.xml:31:17-49
139            <meta-data
139-->[androidx.lifecycle:lifecycle-process:2.6.2] AndroidManifest.xml:29:13-31:52
140                android:name="androidx.lifecycle.ProcessLifecycleInitializer"
140-->[androidx.lifecycle:lifecycle-process:2.6.2] AndroidManifest.xml:30:17-78
141                android:value="androidx.startup" />
141-->[androidx.lifecycle:lifecycle-process:2.6.2] AndroidManifest.xml:31:17-49
142            <meta-data
142-->[androidx.profileinstaller:profileinstaller:1.4.0] AndroidManifest.xml:29:13-31:52
143                android:name="androidx.profileinstaller.ProfileInstallerInitializer"
143-->[androidx.profileinstaller:profileinstaller:1.4.0] AndroidManifest.xml:30:17-85
144                android:value="androidx.startup" />
144-->[androidx.profileinstaller:profileinstaller:1.4.0] AndroidManifest.xml:31:17-49
145        </provider>
146
147        <meta-data
147-->[com.google.android.gms:play-services-basement:18.5.0] AndroidManifest.xml:21:9-23:69
148            android:name="com.google.android.gms.version"
148-->[com.google.android.gms:play-services-basement:18.5.0] AndroidManifest.xml:22:13-58
149            android:value="@integer/google_play_services_version" />
149-->[com.google.android.gms:play-services-basement:18.5.0] AndroidManifest.xml:23:13-66
150
151        <receiver
151-->[androidx.profileinstaller:profileinstaller:1.4.0] AndroidManifest.xml:34:9-52:20
152            android:name="androidx.profileinstaller.ProfileInstallReceiver"
152-->[androidx.profileinstaller:profileinstaller:1.4.0] AndroidManifest.xml:35:13-76
153            android:directBootAware="false"
153-->[androidx.profileinstaller:profileinstaller:1.4.0] AndroidManifest.xml:36:13-44
154            android:enabled="true"
154-->[androidx.profileinstaller:profileinstaller:1.4.0] AndroidManifest.xml:37:13-35
155            android:exported="true"
155-->[androidx.profileinstaller:profileinstaller:1.4.0] AndroidManifest.xml:38:13-36
156            android:permission="android.permission.DUMP" >
156-->[androidx.profileinstaller:profileinstaller:1.4.0] AndroidManifest.xml:39:13-57
157            <intent-filter>
157-->[androidx.profileinstaller:profileinstaller:1.4.0] AndroidManifest.xml:40:13-42:29
158                <action android:name="androidx.profileinstaller.action.INSTALL_PROFILE" />
158-->[androidx.profileinstaller:profileinstaller:1.4.0] AndroidManifest.xml:41:17-91
158-->[androidx.profileinstaller:profileinstaller:1.4.0] AndroidManifest.xml:41:25-88
159            </intent-filter>
160            <intent-filter>
160-->[androidx.profileinstaller:profileinstaller:1.4.0] AndroidManifest.xml:43:13-45:29
161                <action android:name="androidx.profileinstaller.action.SKIP_FILE" />
161-->[androidx.profileinstaller:profileinstaller:1.4.0] AndroidManifest.xml:44:17-85
161-->[androidx.profileinstaller:profileinstaller:1.4.0] AndroidManifest.xml:44:25-82
162            </intent-filter>
163            <intent-filter>
163-->[androidx.profileinstaller:profileinstaller:1.4.0] AndroidManifest.xml:46:13-48:29
164                <action android:name="androidx.profileinstaller.action.SAVE_PROFILE" />
164-->[androidx.profileinstaller:profileinstaller:1.4.0] AndroidManifest.xml:47:17-88
164-->[androidx.profileinstaller:profileinstaller:1.4.0] AndroidManifest.xml:47:25-85
165            </intent-filter>
166            <intent-filter>
166-->[androidx.profileinstaller:profileinstaller:1.4.0] AndroidManifest.xml:49:13-51:29
167                <action android:name="androidx.profileinstaller.action.BENCHMARK_OPERATION" />
167-->[androidx.profileinstaller:profileinstaller:1.4.0] AndroidManifest.xml:50:17-95
167-->[androidx.profileinstaller:profileinstaller:1.4.0] AndroidManifest.xml:50:25-92
168            </intent-filter>
169        </receiver>
170    </application>
171
172</manifest>